[2024-05-21 18:50:18] START
[2024-05-21 18:50:18] CREATE default/personal.html: 0
[2024-05-21 18:53:00] EDIT crm/views/layout.html: 3
[2024-05-21 18:56:18] EDIT crm/controllers/default.py: 14
[2024-05-21 18:56:59] EDIT crm/views/default/personal.html: 21
[2024-05-21 18:57:36] EDIT crm/views/default/personal.html: 0
[2024-05-21 18:58:35] EDIT crm/controllers/default.py: 0
[2024-05-21 19:00:32] EDIT crm/controllers/default.py: 0
[2024-05-21 19:01:21] EDIT crm/views/default/personal.html: 0
[2024-05-21 19:03:14] EDIT crm/controllers/default.py: 2
[2024-05-21 19:05:39] EDIT crm/views/default/personal.html: 1
[2024-05-21 19:07:56] EDIT crm/controllers/default.py: -2
[2024-05-21 19:08:26] EDIT crm/views/default/personal.html: -1
[2024-05-21 19:10:53] EDIT crm/views/default/personal.html: 0
[2024-05-21 19:14:31] EDIT crm/views/default/personal.html: 0
[2024-05-21 19:16:07] EDIT crm/views/default/personal.html: 0
[2024-05-21 19:16:55] EDIT crm/controllers/default.py: -2
[2024-05-21 19:18:08] EDIT crm/views/default/personal.html: 2
[2024-05-21 19:27:55] EDIT crm/controllers/default.py: 8
[2024-05-21 19:29:21] EDIT crm/views/default/index.html: -41
[2024-05-21 19:31:19] EDIT crm/views/default/index.html: 22
[2024-05-21 19:32:38] EDIT crm/views/default/index.html: 18
[2024-05-22 17:53:15] EDIT crm/controllers/default.py: -1
[2024-05-22 18:04:30] EDIT crm/controllers/default.py: 6
[2024-05-22 18:06:52] EDIT crm/views/default/index.html: 0
[2024-05-22 18:07:13] EDIT crm/views/default/index.html: 0
[2024-05-22 18:09:13] EDIT crm/controllers/default.py: 12
[2024-05-22 18:09:40] EDIT crm/views/default/index.html: 0
[2024-05-22 18:12:15] EDIT crm/controllers/default.py: 7
[2024-05-22 18:12:46] EDIT crm/views/default/index.html: 0
[2024-05-22 18:15:29] EDIT crm/views/default/index.html: -5
[2024-05-22 18:32:55] EDIT crm/views/default/personal.html: 0
[2024-05-22 18:33:14] EDIT crm/views/default/index.html: 0
[2024-05-22 18:33:31] EDIT crm/controllers/default.py: 8
[2024-05-22 18:39:44] EDIT crm/views/layout.html: 1
[2024-05-22 18:58:16] EDIT crm/controllers/default.py: 0
[2024-05-22 19:00:26] EDIT crm/controllers/default.py: 0
[2024-05-22 19:00:48] EDIT crm/controllers/default.py: 0
[2024-05-22 19:01:05] EDIT crm/controllers/default.py: 0
[2024-05-22 19:04:43] EDIT crm/views/default/index.html: 1
[2024-05-22 19:05:07] EDIT crm/views/default/index.html: -1
[2024-05-22 19:07:10] EDIT crm/views/default/index.html: 1
[2024-05-22 19:07:59] EDIT crm/views/default/index.html: -1
[2024-05-22 19:10:49] EDIT crm/views/default/index.html: 0
[2024-05-22 19:46:31] EDIT crm/views/default/personal.html: 0
[2024-05-22 19:47:25] EDIT crm/views/default/personal.html: 15
[2024-05-22 19:50:09] EDIT crm/views/default/personal.html: 10
[2024-05-22 19:50:28] EDIT crm/views/default/personal.html: -10
[2024-05-22 19:51:30] EDIT crm/views/default/personal.html: 10
[2024-05-22 19:52:30] EDIT crm/views/default/personal.html: 4
[2024-05-22 19:52:56] EDIT crm/views/default/personal.html: 0
[2024-05-22 19:53:23] EDIT crm/views/default/personal.html: -4
[2024-05-22 19:54:08] EDIT crm/views/default/personal.html: -10
[2024-05-22 19:56:15] EDIT crm/views/default/personal.html: 12
[2024-05-22 20:00:53] EDIT crm/views/default/personal.html: 8
[2024-05-22 20:03:16] EDIT crm/controllers/default.py: 9
[2024-05-22 20:05:24] EDIT crm/views/default/personal.html: -11
[2024-05-22 20:05:54] EDIT crm/models/db_crm.py: 6
[2024-05-22 20:08:19] EDIT crm/views/default/personal.html: 0
[2024-05-22 20:08:42] EDIT crm/views/default/personal.html: 0
[2024-05-22 20:10:01] EDIT crm/views/default/personal.html: -5
[2024-05-22 20:10:33] EDIT crm/models/db_crm.py: -6
[2024-05-22 20:10:49] EDIT crm/controllers/default.py: -9
[2024-05-22 20:10:55] EDIT crm/views/default/personal.html: 0
[2024-05-23 18:15:25] EDIT crm/views/default/personal.html: 41
[2024-05-23 18:15:58] EDIT crm/views/default/personal.html: 0
[2024-05-23 18:18:27] EDIT crm/views/default/personal.html: 7
[2024-05-23 18:25:33] EDIT crm/views/default/personal.html: -15
[2024-05-23 18:25:59] EDIT crm/views/default/personal.html: -33
[2024-05-23 18:27:18] EDIT crm/views/default/personal.html: 52
[2024-05-23 18:27:38] EDIT crm/views/default/personal.html: -52
[2024-05-23 18:28:34] EDIT crm/views/default/personal.html: 26
[2024-05-23 18:36:09] EDIT crm/views/default/personal.html: 30
[2024-05-23 18:36:54] EDIT crm/views/default/personal.html: 0
[2024-05-23 18:38:10] EDIT crm/views/default/personal.html: 1
[2024-05-23 18:39:22] EDIT crm/views/default/personal.html: 0
[2024-05-23 18:40:58] EDIT crm/views/default/personal.html: 10
[2024-05-23 18:42:01] EDIT crm/views/default/personal.html: 0
[2024-05-23 18:45:40] EDIT crm/views/default/personal.html: 17
[2024-05-23 18:47:30] EDIT crm/views/default/personal.html: 3
[2024-05-23 18:48:30] EDIT crm/views/default/personal.html: 0
[2024-05-23 18:51:44] EDIT crm/views/default/personal.html: 9
[2024-05-23 18:53:50] EDIT crm/views/default/personal.html: -1
[2024-05-23 18:55:23] EDIT crm/views/default/personal.html: -5
[2024-05-23 18:56:48] EDIT crm/views/default/personal.html: 2
[2024-05-23 18:57:58] EDIT crm/views/default/personal.html: 0
[2024-05-23 19:00:39] EDIT crm/views/default/personal.html: 0
[2024-05-23 19:01:35] EDIT crm/views/default/personal.html: 0
[2024-05-23 19:01:42] EDIT crm/views/default/personal.html: 0
[2024-05-23 19:05:50] EDIT crm/views/default/personal.html: 1
[2024-05-23 19:06:11] EDIT crm/views/default/personal.html: 0
[2024-05-23 19:08:28] EDIT crm/views/default/personal.html: 0
[2024-05-23 19:08:36] EDIT crm/views/default/personal.html: 0
[2024-05-23 19:09:27] EDIT crm/views/default/personal.html: 0
[2024-05-23 19:09:38] EDIT crm/views/default/personal.html: 0
[2024-05-23 19:09:59] EDIT crm/views/default/personal.html: 0
[2024-05-23 19:10:08] EDIT crm/views/default/personal.html: 0
[2024-05-23 19:11:47] EDIT crm/views/default/personal.html: 1
[2024-05-23 19:12:06] EDIT crm/views/default/personal.html: -1
[2024-05-23 19:16:14] EDIT crm/views/default/personal.html: 23
[2024-05-23 19:16:32] EDIT crm/views/default/personal.html: -23
[2024-05-23 19:17:36] EDIT crm/views/default/personal.html: 0
[2024-05-23 19:17:52] EDIT crm/views/default/personal.html: 0
[2024-05-23 19:18:12] EDIT crm/views/default/personal.html: 0
[2024-05-23 19:18:36] EDIT crm/views/default/personal.html: 0
[2024-05-23 19:18:52] EDIT crm/views/default/personal.html: 0
[2024-05-23 19:18:57] EDIT crm/views/default/personal.html: 0
[2024-05-23 19:20:24] EDIT crm/views/default/personal.html: 1
[2024-05-23 19:20:35] EDIT crm/views/default/personal.html: -1
[2024-05-23 19:21:14] EDIT crm/views/default/personal.html: 0
[2024-05-23 19:23:32] EDIT crm/views/default/personal.html: 23
[2024-05-23 19:24:12] EDIT crm/views/default/personal.html: 0
[2024-05-23 19:27:00] EDIT crm/views/default/personal.html: 0
[2024-05-23 19:28:18] EDIT crm/views/default/personal.html: 2
[2024-05-23 19:29:56] EDIT crm/views/default/personal.html: -1
[2024-05-23 19:31:35] EDIT crm/views/default/personal.html: 0
[2024-05-23 19:32:55] EDIT crm/views/default/personal.html: 0
[2024-05-23 19:35:43] EDIT crm/views/default/personal.html: 9
[2024-05-23 19:37:09] EDIT crm/views/default/personal.html: 0
[2024-05-23 19:37:52] EDIT crm/views/default/personal.html: 0
[2024-05-23 19:39:19] EDIT crm/views/default/personal.html: 6
[2024-05-23 19:39:36] EDIT crm/views/default/personal.html: -6
[2024-05-23 19:39:52] EDIT crm/views/default/personal.html: 0
[2024-05-23 19:46:05] EDIT crm/views/default/personal.html: 0
[2024-05-23 19:46:34] EDIT crm/views/default/personal.html: 0
[2024-05-23 19:46:41] EDIT crm/views/default/personal.html: 0
[2024-05-23 19:46:55] EDIT crm/views/default/personal.html: 0
[2024-05-23 19:47:20] EDIT crm/views/default/personal.html: 0
[2024-05-23 19:47:37] EDIT crm/views/default/personal.html: 0
[2024-05-28 18:32:47] EDIT crm/views/default/personal.html: -12
[2024-05-28 18:32:49] EDIT crm/models/db_crm.py: 12
[2024-05-28 18:32:51] EDIT crm/controllers/default.py: 11
[2024-05-28 18:33:56] EDIT crm/models/db_crm.py: 0
[2024-05-28 18:34:27] EDIT crm/controllers/default.py: 0
[2024-05-28 18:37:48] EDIT crm/models/db_crm.py: -2
[2024-05-28 18:38:25] EDIT crm/controllers/default.py: 0
[2024-05-28 18:38:41] EDIT crm/views/default/personal.html: 12
[2024-05-28 18:38:43] EDIT crm/models/db_crm.py: 0
[2024-05-28 18:38:45] EDIT crm/controllers/default.py: 0
[2024-05-28 18:42:35] EDIT crm/models/db_crm.py: 0
[2024-05-28 18:42:54] EDIT crm/controllers/default.py: 0
[2024-05-28 18:43:19] EDIT crm/views/default/personal.html: 0
[2024-05-28 18:43:35] EDIT crm/views/default/personal.html: 0
[2024-05-28 18:43:37] EDIT crm/models/db_crm.py: 0
[2024-05-28 18:43:39] EDIT crm/controllers/default.py: 0
[2024-05-28 18:46:05] EDIT crm/controllers/default.py: 0
[2024-05-28 18:47:56] EDIT crm/models/db_crm.py: 0
[2024-05-28 18:48:37] EDIT crm/views/default/personal.html: 0
[2024-05-28 18:48:39] EDIT crm/models/db_crm.py: 0
[2024-05-28 18:48:40] EDIT crm/controllers/default.py: 0
[2024-05-28 18:54:00] EDIT crm/views/default/personal.html: 0
[2024-05-28 18:54:51] EDIT crm/views/default/personal.html: 0
[2024-05-28 18:55:24] EDIT crm/models/db_crm.py: 0
[2024-05-28 18:55:58] EDIT crm/controllers/default.py: 0
[2024-05-28 18:56:50] EDIT crm/views/default/personal.html: 0
[2024-05-28 18:59:41] EDIT crm/models/db_crm.py: 0
[2024-05-28 19:00:51] EDIT crm/models/db_crm.py: 0
[2024-05-28 19:00:57] EDIT crm/models/db_crm.py: 0
[2024-05-28 19:06:56] EDIT crm/controllers/default.py: 0
[2024-05-28 19:08:23] EDIT crm/models/db_crm.py: -2
[2024-05-28 19:10:37] EDIT crm/views/default/personal.html: 0
[2024-05-28 19:11:30] EDIT crm/controllers/default.py: -11
[2024-05-28 19:13:30] EDIT crm/controllers/default.py: 0
[2024-05-28 19:25:20] EDIT crm/controllers/default.py: 31
[2024-05-28 19:25:43] EDIT crm/controllers/default.py: -31
[2024-05-28 19:26:25] EDIT crm/models/db_crm.py: -1
[2024-05-28 19:30:10] EDIT crm/controllers/default.py: 9
[2024-05-28 19:30:34] EDIT crm/models/db_crm.py: 2
[2024-05-28 19:33:25] EDIT crm/controllers/default.py: 0
[2024-05-28 19:35:22] EDIT crm/models/db_crm.py: 0
[2024-05-28 19:39:31] EDIT crm/models/db_crm.py: 0
[2024-05-28 19:39:35] EDIT crm/controllers/default.py: 0
[2024-05-28 19:41:41] EDIT crm/models/db_crm.py: 0
[2024-05-28 19:42:04] EDIT crm/models/db_crm.py: 1
[2024-05-28 19:42:07] EDIT crm/models/db_crm.py: 0
[2024-05-28 19:42:34] EDIT crm/models/db_crm.py: -1
[2024-05-28 19:43:26] EDIT crm/models/db_crm.py: 0
[2024-05-28 19:45:51] EDIT crm/controllers/default.py: 4
[2024-05-28 19:47:28] EDIT crm/models/db_crm.py: -2
[2024-05-28 19:47:36] EDIT crm/controllers/default.py: -13
[2024-05-28 19:47:38] EDIT crm/models/db_crm.py: 0
[2024-05-28 19:47:58] EDIT crm/controllers/default.py: 0
[2024-05-28 19:54:37] EDIT crm/models/db_crm.py: 2
[2024-05-28 19:59:23] EDIT crm/views/default/personal.html: 0
[2024-05-28 20:00:59] EDIT crm/controllers/default.py: 0
[2024-05-28 20:01:02] EDIT crm/models/db_crm.py: 0
[2024-05-28 20:01:04] EDIT crm/views/default/personal.html: 0
[2024-05-28 20:02:09] EDIT crm/controllers/default.py: 19
[2024-05-28 20:02:32] EDIT crm/controllers/default.py: 0
[2024-05-28 20:02:34] EDIT crm/models/db_crm.py: 0
[2024-05-28 20:04:19] EDIT crm/controllers/default.py: 0
[2024-05-28 20:09:08] EDIT crm/controllers/default.py: 10
[2024-05-28 20:14:32] EDIT crm/controllers/default.py: -8
[2024-05-28 20:17:35] EDIT crm/views/default/personal.html: -31
[2024-05-28 20:21:43] EDIT crm/models/db_crm.py: 0
[2024-05-28 20:27:05] EDIT crm/models/db_crm.py: -1
[2024-05-28 20:27:44] EDIT crm/views/default/personal.html: 0
[2024-05-28 20:27:46] EDIT crm/models/db_crm.py: 0
[2024-05-28 20:27:48] EDIT crm/controllers/default.py: 4
[2024-05-28 20:30:44] EDIT crm/controllers/default.py: 0
[2024-05-28 20:35:39] EDIT crm/controllers/default.py: -1
[2024-05-28 20:38:10] EDIT crm/views/default/personal.html: -28
[2024-05-28 20:41:40] EDIT crm/controllers/default.py: -2
[2024-05-28 20:43:28] EDIT crm/views/default/personal.html: 0
[2024-05-28 20:43:47] EDIT crm/controllers/default.py: 5
[2024-05-28 20:45:44] EDIT crm/controllers/default.py: 15
[2024-05-28 20:46:46] EDIT crm/views/default/personal.html: 20
[2024-05-28 20:56:21] EDIT crm/controllers/default.py: -13
[2024-05-28 20:56:22] EDIT crm/models/db_crm.py: 0
[2024-05-28 20:56:33] EDIT crm/controllers/default.py: 8
[2024-05-29 17:50:30] EDIT crm/models/db_crm.py: 1
[2024-05-29 17:53:01] EDIT crm/models/db_crm.py: 0
[2024-05-29 17:53:25] EDIT crm/models/db_crm.py: 0
[2024-05-29 17:53:51] EDIT crm/models/db_crm.py: 0
[2024-05-29 17:55:13] EDIT crm/models/db_crm.py: 0
[2024-05-29 17:55:58] EDIT crm/models/db_crm.py: 0
[2024-05-29 17:57:01] EDIT crm/views/default/personal.html: -1
[2024-05-29 17:57:04] EDIT crm/models/db_crm.py: 0
[2024-05-29 17:57:06] EDIT crm/controllers/default.py: -10
[2024-05-29 18:00:38] EDIT crm/views/default/personal.html: 0
[2024-05-29 18:03:31] EDIT crm/models/db_crm.py: 1
[2024-05-29 18:03:40] EDIT crm/models/db_crm.py: 0
[2024-05-29 18:06:15] EDIT crm/models/db_crm.py: -1
[2024-05-29 18:06:37] EDIT crm/models/db_crm.py: 0
[2024-05-29 18:07:31] EDIT crm/models/db_crm.py: 0
[2024-05-29 18:07:45] EDIT crm/models/db_crm.py: 0
[2024-05-29 18:08:04] EDIT crm/models/db_crm.py: 0
[2024-05-29 18:11:49] EDIT crm/models/db_crm.py: 0
[2024-05-29 18:12:31] EDIT crm/models/db_crm.py: 0
[2024-05-29 18:13:41] EDIT crm/models/db_crm.py: 0
[2024-05-29 18:15:05] EDIT crm/models/db_crm.py: 0
[2024-05-29 18:15:12] EDIT crm/models/db_crm.py: 0
[2024-05-29 18:21:56] EDIT crm/models/db_crm.py: 1
[2024-05-29 18:27:48] EDIT crm/models/db_crm.py: 0
[2024-05-29 18:29:23] EDIT crm/models/db_crm.py: 0
[2024-05-29 18:29:52] EDIT crm/models/db_crm.py: 0
[2024-05-29 18:33:32] EDIT crm/models/db_crm.py: 3
[2024-05-29 18:33:55] EDIT crm/models/db_crm.py: -2
[2024-05-29 18:34:52] EDIT crm/models/db_crm.py: 2
[2024-05-29 18:35:24] EDIT crm/models/db_crm.py: -2
[2024-05-29 18:35:49] EDIT crm/models/db_crm.py: 2
[2024-05-29 18:38:26] EDIT crm/models/db_crm.py: -2
[2024-05-29 18:38:35] EDIT crm/models/db_crm.py: 2
[2024-05-29 18:39:03] EDIT crm/models/db_crm.py: -2
[2024-05-29 18:39:26] EDIT crm/models/db_crm.py: 2
[2024-05-29 18:39:40] EDIT crm/models/db_crm.py: -2
[2024-05-29 18:40:41] EDIT crm/models/db_crm.py: 2
[2024-05-29 18:41:01] EDIT crm/models/db_crm.py: 0
[2024-05-29 18:41:54] EDIT crm/models/db_crm.py: 0
[2024-05-29 18:42:06] EDIT crm/models/db_crm.py: -2
[2024-05-29 18:42:27] EDIT crm/models/db_crm.py: 2
[2024-05-29 18:42:40] EDIT crm/models/db_crm.py: -2
[2024-05-29 18:43:00] EDIT crm/models/db_crm.py: 2
[2024-05-29 18:43:11] EDIT crm/models/db_crm.py: -2
[2024-05-29 18:59:21] EDIT crm/controllers/default.py: -4
[2024-05-29 19:01:34] EDIT crm/views/default/personal.html: -46
[2024-05-29 19:06:59] EDIT crm/controllers/default.py: 0
[2024-05-29 19:09:13] EDIT crm/controllers/default.py: 0
[2024-05-29 19:09:56] EDIT crm/controllers/default.py: 0
[2024-05-29 19:15:08] EDIT crm/controllers/default.py: 0
[2024-05-29 19:24:17] EDIT crm/views/default/personal.html: 24
[2024-05-29 19:34:34] EDIT crm/views/default/personal.html: -1
[2024-05-29 19:37:02] EDIT crm/models/db_crm.py: 2
[2024-05-29 19:37:23] EDIT crm/models/db_crm.py: -2
[2024-05-30 17:39:55] EDIT crm/models/db_crm.py: -2
[2024-05-30 17:40:25] EDIT crm/controllers/default.py: -7
[2024-05-30 17:43:26] EDIT crm/views/default/personal.html: -15
[2024-05-30 17:44:42] EDIT crm/controllers/default.py: 5
[2024-05-30 17:45:21] EDIT crm/views/default/personal.html: 3
[2024-05-30 18:19:05] EDIT crm/views/default/personal.html: -24
[2024-05-30 18:28:56] EDIT crm/views/default/personal.html: 63
[2024-05-30 18:31:24] EDIT crm/views/default/personal.html: 6
[2024-05-30 19:04:23] EDIT crm/views/default/personal.html: 0
[2024-05-30 19:22:44] EDIT crm/views/default/personal.html: 52
[2024-05-30 19:28:47] EDIT crm/views/default/personal.html: 0
[2024-05-30 19:30:07] EDIT crm/views/default/personal.html: 0
[2024-05-30 19:32:24] EDIT crm/views/default/personal.html: 0
[2024-05-30 19:33:31] EDIT crm/views/default/personal.html: 0
[2024-05-30 19:34:31] EDIT crm/views/default/personal.html: 0
[2024-05-30 19:34:51] EDIT crm/views/default/personal.html: 0
[2024-05-30 19:38:31] EDIT crm/views/default/personal.html: 4
[2024-05-30 19:39:58] EDIT crm/views/default/personal.html: 1
[2024-05-30 19:41:00] EDIT crm/views/default/personal.html: 0
[2024-05-30 19:43:32] EDIT crm/views/default/personal.html: 2
[2024-05-30 19:43:43] EDIT crm/views/default/personal.html: 0
[2024-05-30 19:43:53] EDIT crm/views/default/personal.html: 0
[2024-05-30 19:44:03] EDIT crm/views/default/personal.html: 0
[2024-05-30 19:44:11] EDIT crm/views/default/personal.html: 0
[2024-05-30 19:44:29] EDIT crm/views/default/personal.html: 0
[2024-05-30 19:44:46] EDIT crm/views/default/personal.html: 0
[2024-05-30 19:44:58] EDIT crm/views/default/personal.html: -1
[2024-05-30 19:45:08] EDIT crm/views/default/personal.html: 0
[2024-05-30 19:45:18] EDIT crm/views/default/personal.html: -2
[2024-05-30 19:46:04] EDIT crm/views/default/personal.html: 1
[2024-05-30 20:04:17] EDIT crm/views/default/personal.html: 1
[2024-05-30 20:04:55] EDIT crm/views/default/personal.html: 0
[2024-05-30 20:05:23] EDIT crm/views/default/personal.html: 0
[2024-05-30 20:11:01] EDIT crm/views/default/personal.html: 0
[2024-05-30 20:11:28] EDIT crm/views/default/personal.html: 0
[2024-05-30 20:11:39] EDIT crm/views/default/personal.html: 0
[2024-05-30 20:11:47] EDIT crm/views/default/personal.html: 0
[2024-05-30 20:11:55] EDIT crm/views/default/personal.html: 0
[2024-05-30 20:12:06] EDIT crm/views/default/personal.html: 0
[2024-06-03 13:40:55] EDIT crm/views/default/personal.html: 0
[2024-06-03 13:49:16] EDIT crm/views/default/personal.html: 0
[2024-06-03 14:02:08] EDIT crm/views/default/personal.html: 14
[2024-06-03 14:03:21] EDIT crm/views/default/personal.html: 0
[2024-06-03 14:06:13] EDIT crm/views/default/personal.html: 18
[2024-06-03 14:07:06] EDIT crm/views/default/personal.html: 0
[2024-06-03 14:07:22] EDIT crm/views/default/personal.html: 0
[2024-06-03 14:08:56] EDIT crm/views/default/personal.html: 0
[2024-06-03 14:09:27] EDIT crm/views/default/personal.html: 0
[2024-06-03 14:09:33] EDIT crm/views/default/personal.html: 0
[2024-06-03 14:10:03] EDIT crm/views/default/personal.html: 0
[2024-06-03 14:10:12] EDIT crm/views/default/personal.html: 0
[2024-06-03 14:10:38] EDIT crm/views/default/personal.html: 0
[2024-06-03 14:11:02] EDIT crm/views/default/personal.html: 0
[2024-06-03 14:11:30] EDIT crm/views/default/personal.html: 0
[2024-06-03 14:11:51] EDIT crm/views/default/personal.html: 0
[2024-06-03 14:12:07] EDIT crm/views/default/personal.html: 0
[2024-06-03 14:12:15] EDIT crm/views/default/personal.html: 0
[2024-06-03 14:18:15] EDIT crm/views/default/personal.html: 7
[2024-06-03 14:18:57] EDIT crm/views/default/personal.html: 1
[2024-06-03 14:19:11] EDIT crm/views/default/personal.html: -1
[2024-06-03 14:19:54] EDIT crm/views/default/personal.html: -2
[2024-06-03 14:21:44] EDIT crm/views/default/personal.html: 0
[2024-06-03 14:22:45] EDIT crm/views/default/personal.html: -2
[2024-06-03 14:25:04] EDIT crm/views/default/personal.html: 0
[2024-06-03 14:26:17] EDIT crm/views/default/personal.html: 3
[2024-06-03 14:26:50] EDIT crm/views/default/personal.html: 2
[2024-06-03 14:27:28] EDIT crm/views/default/personal.html: 2
[2024-06-03 14:30:04] EDIT crm/views/default/personal.html: 2
[2024-06-03 14:30:51] EDIT crm/views/default/personal.html: 10
[2024-06-03 14:31:22] EDIT crm/views/default/personal.html: 20
[2024-06-03 14:32:55] EDIT crm/views/default/personal.html: 0
[2024-06-03 14:33:17] EDIT crm/views/default/personal.html: 0
[2024-06-03 14:39:44] EDIT crm/views/default/personal.html: 0
[2024-06-03 14:43:22] EDIT crm/views/default/personal.html: 5
[2024-06-03 14:43:50] EDIT crm/views/default/personal.html: 39
[2024-06-03 14:53:00] EDIT crm/views/default/personal.html: 1
[2024-06-03 14:55:22] EDIT crm/views/default/personal.html: 15
[2024-06-03 14:57:46] EDIT crm/views/default/personal.html: 2
[2024-06-03 14:59:04] EDIT crm/views/default/personal.html: -2
[2024-06-03 14:59:07] EDIT crm/views/default/personal.html: 0
[2024-06-03 15:00:06] EDIT crm/views/default/personal.html: 1
[2024-06-03 15:00:38] EDIT crm/views/default/personal.html: 0
[2024-06-03 15:00:54] EDIT crm/views/default/personal.html: 0
[2024-06-03 15:01:40] EDIT crm/views/default/personal.html: 0
[2024-06-03 15:01:56] EDIT crm/views/default/personal.html: 0
[2024-06-03 15:03:08] EDIT crm/views/default/personal.html: 0
[2024-06-03 15:03:23] EDIT crm/views/default/personal.html: 0
[2024-06-03 15:04:05] EDIT crm/views/default/personal.html: 0
[2024-06-03 15:06:03] EDIT crm/views/default/personal.html: 4
[2024-06-03 15:06:23] EDIT crm/views/default/personal.html: 0
[2024-06-03 15:07:04] EDIT crm/views/default/personal.html: 0
[2024-06-03 15:07:22] EDIT crm/views/default/personal.html: 0
[2024-06-03 15:07:45] EDIT crm/views/default/personal.html: -1
[2024-06-03 15:08:56] EDIT crm/views/default/personal.html: 0
[2024-06-03 15:10:29] EDIT crm/views/default/personal.html: 3
[2024-06-03 15:12:40] EDIT crm/views/default/personal.html: 3
[2024-06-03 15:13:59] EDIT crm/views/default/personal.html: 3
[2024-06-03 16:08:46] EDIT crm/controllers/default.py: 0
[2024-06-03 16:09:17] EDIT crm/controllers/default.py: 0
[2024-06-03 16:27:20] EDIT crm/controllers/default.py: 5
[2024-06-03 16:27:23] EDIT crm/views/default/personal.html: 7
[2024-06-03 16:28:34] EDIT crm/views/default/personal.html: 0
[2024-06-03 16:29:23] EDIT crm/controllers/default.py: 0
[2024-06-03 16:30:46] EDIT crm/views/default/personal.html: 0
[2024-06-03 16:31:07] EDIT crm/controllers/default.py: 0
[2024-06-03 16:35:08] EDIT crm/controllers/default.py: 0
[2024-06-03 16:35:47] EDIT crm/controllers/default.py: 0
[2024-06-03 16:39:42] EDIT crm/views/default/personal.html: 0
[2024-06-03 16:42:34] EDIT crm/views/default/personal.html: -4
[2024-06-03 16:42:51] EDIT crm/controllers/default.py: 0
[2024-06-03 16:42:56] EDIT crm/views/default/personal.html: 0
[2024-06-03 16:44:09] EDIT crm/controllers/default.py: 0
[2024-06-03 16:44:50] EDIT crm/views/default/personal.html: 0
[2024-06-03 16:47:50] EDIT crm/views/default/personal.html: 0
[2024-06-03 16:52:58] EDIT crm/views/default/personal.html: 2
[2024-06-03 16:53:45] EDIT crm/views/default/personal.html: 1
[2024-06-03 16:56:15] EDIT crm/views/default/personal.html: -6
[2024-06-03 16:58:34] EDIT crm/views/default/personal.html: 5
[2024-06-03 17:11:58] EDIT crm/controllers/default.py: 0
[2024-06-03 17:14:13] EDIT crm/views/default/personal.html: 1
[2024-06-03 17:14:49] EDIT crm/views/default/personal.html: 1
[2024-06-03 17:18:13] EDIT crm/views/default/personal.html: 0
[2024-06-03 17:20:26] EDIT crm/views/default/personal.html: 0
[2024-06-03 17:20:50] EDIT crm/views/default/personal.html: -5
[2024-06-03 17:23:30] EDIT crm/views/default/personal.html: 18
[2024-06-03 18:51:48] EDIT crm/views/default/personal.html: 1
[2024-06-03 19:19:56] EDIT crm/views/default/personal.html: -80
[2024-06-03 19:31:48] EDIT crm/views/default/personal.html: 0
[2024-06-03 19:32:55] EDIT crm/views/default/personal.html: 0
[2024-06-03 19:33:00] EDIT crm/views/default/personal.html: 0
[2024-06-03 19:33:56] EDIT crm/views/default/personal.html: 0
[2024-06-03 19:36:45] EDIT crm/views/default/personal.html: -15
[2024-06-03 19:40:29] EDIT crm/views/default/personal.html: 0
[2024-06-03 19:43:31] EDIT crm/views/default/personal.html: 0
[2024-06-03 19:43:38] EDIT crm/views/default/personal.html: 0
[2024-06-03 19:43:39] EDIT crm/views/default/personal.html: 0
[2024-06-03 19:50:44] EDIT crm/views/default/personal.html: -1
[2024-06-03 19:50:58] EDIT crm/views/default/personal.html: 0
[2024-06-03 19:54:24] EDIT crm/views/default/personal.html: -4
[2024-06-03 19:55:33] EDIT crm/views/default/personal.html: 1
[2024-06-03 19:55:47] EDIT crm/views/default/personal.html: 0
[2024-06-03 19:58:54] EDIT crm/views/default/personal.html: 0
[2024-06-03 19:59:31] EDIT crm/views/default/personal.html: -2
[2024-06-03 20:02:20] EDIT crm/views/default/personal.html: -7
[2024-06-03 20:03:48] EDIT crm/views/default/personal.html: 0
[2024-06-03 20:22:22] EDIT crm/views/default/personal.html: -1
[2024-06-03 20:26:55] EDIT crm/views/default/personal.html: 0
[2024-06-03 20:31:02] EDIT crm/views/default/personal.html: 0
[2024-06-03 20:32:09] EDIT crm/views/default/personal.html: 0
[2024-06-03 20:33:42] EDIT crm/views/default/personal.html: 1
[2024-06-04 17:28:40] EDIT crm/views/default/personal.html: 13
[2024-06-04 18:19:06] EDIT crm/views/default/cannalytics.html: 0
[2024-06-04 18:19:24] EDIT crm/views/default/cannalytics.html: 0
[2024-06-04 18:19:41] EDIT crm/views/default/cannalytics.html: 0
[2024-06-04 18:19:43] EDIT crm/views/default/cannalytics.html: 0
[2024-06-04 18:51:48] EDIT crm/views/default/cannalytics.html: 27
[2024-06-04 18:57:14] EDIT crm/controllers/default.py: 6
[2024-06-04 18:57:16] EDIT crm/views/default/cannalytics.html: 0
[2024-06-04 19:04:31] EDIT crm/controllers/default.py: 0
[2024-06-04 19:04:37] EDIT crm/views/default/cannalytics.html: 0
[2024-06-04 19:14:17] EDIT crm/controllers/default.py: 0
[2024-06-04 19:15:22] EDIT crm/views/default/cannalytics.html: 0
[2024-06-04 19:21:03] EDIT crm/controllers/default.py: 0
[2024-06-04 19:21:21] EDIT crm/views/default/cannalytics.html: 0
[2024-06-04 19:21:52] EDIT crm/views/default/cannalytics.html: 0
[2024-06-04 19:21:54] EDIT crm/controllers/default.py: 0
[2024-06-04 19:23:29] EDIT crm/controllers/default.py: 0
[2024-06-04 19:23:43] EDIT crm/controllers/default.py: 0
[2024-06-04 19:24:12] EDIT crm/controllers/default.py: 0
[2024-06-04 19:25:34] EDIT crm/controllers/default.py: 0
[2024-06-04 19:25:43] EDIT crm/views/default/cannalytics.html: 0
[2024-06-04 19:27:14] EDIT crm/controllers/default.py: 1
[2024-06-04 19:27:19] EDIT crm/controllers/default.py: 0
[2024-06-04 19:27:21] EDIT crm/views/default/cannalytics.html: 0
[2024-06-04 19:28:42] EDIT crm/controllers/default.py: 0
[2024-06-04 19:29:42] EDIT crm/views/default/cannalytics.html: 1
[2024-06-04 19:31:26] EDIT crm/views/default/cannalytics.html: 6
[2024-06-04 19:32:57] EDIT crm/controllers/default.py: 1
[2024-06-04 19:33:37] EDIT crm/views/default/cannalytics.html: 0
[2024-06-04 19:35:44] EDIT crm/views/default/cannalytics.html: 0
[2024-06-04 19:44:09] EDIT crm/controllers/default.py: 0
[2024-06-04 19:44:25] EDIT crm/controllers/default.py: 0
[2024-06-05 17:42:15] DELETE crm/views/default/personal.html: -26
[2024-06-05 17:47:20] EDIT crm/controllers/default.py: -2
[2024-06-05 17:49:05] DELETE crm/views/default/personal.html: -26
[2024-06-05 17:55:53] EDIT crm/views/layout.html: -3
